build/app/intermediates/manifest_merge_blame_file/release/manifest-merger-blame-release-report.txt
1<?xml version="1.0" encoding="utf-8"?>
2<manifest xmlns:android="http://schemas.android.com/apk/res/android"
3    package="com.example.task_a"
4    android:versionCode="1"
5    android:versionName="1.0.0" >
6
7    <uses-sdk
8        android:minSdkVersion="21"
9        android:targetSdkVersion="34" />
10    <!-- Add the INTERNET permission here -->
11    <uses-permission android:name="android.permission.INTERNET" />
11-->src\main\AndroidManifest.xml:3:5-67
11-->src\main\AndroidManifest.xml:3:22-64
12
13    <queries>
13-->src\main\AndroidManifest.xml:32:5-37:15
14        <intent>
14-->src\main\AndroidManifest.xml:33:9-36:18
15            <action android:name="android.intent.action.PROCESS_TEXT" />
15-->src\main\AndroidManifest.xml:34:13-72
15-->src\main\AndroidManifest.xml:34:21-70
16
17            <data android:mimeType="text/plain" />
17-->src\main\AndroidManifest.xml:35:13-50
17-->src\main\AndroidManifest.xml:35:19-48
18        </intent>
19    </queries>
20
21    <permission
21-->[androidx.core:core:1.13.1] AndroidManifest.xml:22:5-24:47
22        android:name="com.example.task_a.DYNAMIC_RECEIVER_NOT_EXPORTED_PERMISSION"
22-->[androidx.core:core:1.13.1] AndroidManifest.xml:23:9-81
23        android:protectionLevel="signature" />
23-->[androidx.core:core:1.13.1] AndroidManifest.xml:24:9-44
24
25    <uses-permission android:name="com.example.task_a.DYNAMIC_RECEIVER_NOT_EXPORTED_PERMISSION" />
25-->[androidx.core:core:1.13.1] AndroidManifest.xml:26:5-97
25-->[androidx.core:core:1.13.1] AndroidManifest.xml:26:22-94
26
27    <application
28        android:name="android.app.Application"
28-->src\main\AndroidManifest.xml:7:9-42
29        android:appComponentFactory="androidx.core.app.CoreComponentFactory"
29-->[androidx.core:core:1.13.1] AndroidManifest.xml:28:18-86
30        android:extractNativeLibs="true"
31        android:icon="@mipmap/ic_launcher"
31-->src\main\AndroidManifest.xml:8:9-43
32        android:label="task_a" >
32-->src\main\AndroidManifest.xml:6:9-31
33        <activity
33-->src\main\AndroidManifest.xml:9:9-26:20
34            android:name="com.example.task_a.MainActivity"
34-->src\main\AndroidManifest.xml:10:13-41
35            android:configChanges="orientation|keyboardHidden|keyboard|screenSize|smallestScreenSize|locale|layoutDirection|fontScale|screenLayout|density|uiMode"
35-->src\main\AndroidManifest.xml:15:13-163
36            android:exported="true"
36-->src\main\AndroidManifest.xml:11:13-36
37            android:hardwareAccelerated="true"
37-->src\main\AndroidManifest.xml:16:13-47
38            android:launchMode="singleTop"
38-->src\main\AndroidManifest.xml:12:13-43
39            android:taskAffinity=""
39-->src\main\AndroidManifest.xml:13:13-36
40            android:theme="@style/LaunchTheme"
40-->src\main\AndroidManifest.xml:14:13-47
41            android:windowSoftInputMode="adjustResize" >
41-->src\main\AndroidManifest.xml:17:13-55
42            <meta-data
42-->src\main\AndroidManifest.xml:18:13-21:17
43                android:name="io.flutter.embedding.android.NormalTheme"
43-->src\main\AndroidManifest.xml:19:15-70
44                android:resource="@style/NormalTheme" />
44-->src\main\AndroidManifest.xml:20:15-52
45
46            <intent-filter>
46-->src\main\AndroidManifest.xml:22:13-25:29
47                <action android:name="android.intent.action.MAIN" />
47-->src\main\AndroidManifest.xml:23:17-68
47-->src\main\AndroidManifest.xml:23:25-66
48
49                <category android:name="android.intent.category.LAUNCHER" />
49-->src\main\AndroidManifest.xml:24:17-76
49-->src\main\AndroidManifest.xml:24:27-74
50            </intent-filter>
51        </activity>
52
53        <meta-data
53-->src\main\AndroidManifest.xml:27:9-29:33
54            android:name="flutterEmbedding"
54-->src\main\AndroidManifest.xml:28:13-44
55            android:value="2" />
55-->src\main\AndroidManifest.xml:29:13-30
56
57        <activity
57-->[:url_launcher_android] AndroidManifest.xml:8:9-11:74
58            android:name="io.flutter.plugins.urllauncher.WebViewActivity"
58-->[:url_launcher_android] AndroidManifest.xml:9:13-74
59            android:exported="false"
59-->[:url_launcher_android] AndroidManifest.xml:10:13-37
60            android:theme="@android:style/Theme.NoTitleBar.Fullscreen" />
60-->[:url_launcher_android] AndroidManifest.xml:11:13-71
61
62        <uses-library
62-->[androidx.window:window:1.2.0] AndroidManifest.xml:23:9-25:40
63            android:name="androidx.window.extensions"
63-->[androidx.window:window:1.2.0] AndroidManifest.xml:24:13-54
64            android:required="false" />
64-->[androidx.window:window:1.2.0] AndroidManifest.xml:25:13-37
65        <uses-library
65-->[androidx.window:window:1.2.0] AndroidManifest.xml:26:9-28:40
66            android:name="androidx.window.sidecar"
66-->[androidx.window:window:1.2.0] AndroidManifest.xml:27:13-51
67            android:required="false" />
67-->[androidx.window:window:1.2.0] AndroidManifest.xml:28:13-37
68
69        <provider
69-->[androidx.lifecycle:lifecycle-process:2.7.0] AndroidManifest.xml:24:9-32:20
70            android:name="androidx.startup.InitializationProvider"
70-->[androidx.lifecycle:lifecycle-process:2.7.0] AndroidManifest.xml:25:13-67
71            android:authorities="com.example.task_a.androidx-startup"
71-->[androidx.lifecycle:lifecycle-process:2.7.0] AndroidManifest.xml:26:13-68
72            android:exported="false" >
72-->[androidx.lifecycle:lifecycle-process:2.7.0] AndroidManifest.xml:27:13-37
73            <meta-data
73-->[androidx.lifecycle:lifecycle-process:2.7.0] AndroidManifest.xml:29:13-31:52
74                android:name="androidx.lifecycle.ProcessLifecycleInitializer"
74-->[androidx.lifecycle:lifecycle-process:2.7.0] AndroidManifest.xml:30:17-78
75                android:value="androidx.startup" />
75-->[androidx.lifecycle:lifecycle-process:2.7.0] AndroidManifest.xml:31:17-49
76            <meta-data
76-->[androidx.profileinstaller:profileinstaller:1.3.1] AndroidManifest.xml:29:13-31:52
77                android:name="androidx.profileinstaller.ProfileInstallerInitializer"
77-->[androidx.profileinstaller:profileinstaller:1.3.1] AndroidManifest.xml:30:17-85
78                android:value="androidx.startup" />
78-->[androidx.profileinstaller:profileinstaller:1.3.1] AndroidManifest.xml:31:17-49
79        </provider>
80
81        <receiver
81-->[androidx.profileinstaller:profileinstaller:1.3.1] AndroidManifest.xml:34:9-52:20
82            android:name="androidx.profileinstaller.ProfileInstallReceiver"
82-->[androidx.profileinstaller:profileinstaller:1.3.1] AndroidManifest.xml:35:13-76
83            android:directBootAware="false"
83-->[androidx.profileinstaller:profileinstaller:1.3.1] AndroidManifest.xml:36:13-44
84            android:enabled="true"
84-->[androidx.profileinstaller:profileinstaller:1.3.1] AndroidManifest.xml:37:13-35
85            android:exported="true"
85-->[androidx.profileinstaller:profileinstaller:1.3.1] AndroidManifest.xml:38:13-36
86            android:permission="android.permission.DUMP" >
86-->[androidx.profileinstaller:profileinstaller:1.3.1] AndroidManifest.xml:39:13-57
87            <intent-filter>
87-->[androidx.profileinstaller:profileinstaller:1.3.1] AndroidManifest.xml:40:13-42:29
88                <action android:name="androidx.profileinstaller.action.INSTALL_PROFILE" />
88-->[androidx.profileinstaller:profileinstaller:1.3.1] AndroidManifest.xml:41:17-91
88-->[androidx.profileinstaller:profileinstaller:1.3.1] AndroidManifest.xml:41:25-88
89            </intent-filter>
90            <intent-filter>
90-->[androidx.profileinstaller:profileinstaller:1.3.1] AndroidManifest.xml:43:13-45:29
91                <action android:name="androidx.profileinstaller.action.SKIP_FILE" />
91-->[androidx.profileinstaller:profileinstaller:1.3.1] AndroidManifest.xml:44:17-85
91-->[androidx.profileinstaller:profileinstaller:1.3.1] AndroidManifest.xml:44:25-82
92            </intent-filter>
93            <intent-filter>
93-->[androidx.profileinstaller:profileinstaller:1.3.1] AndroidManifest.xml:46:13-48:29
94                <action android:name="androidx.profileinstaller.action.SAVE_PROFILE" />
94-->[androidx.profileinstaller:profileinstaller:1.3.1] AndroidManifest.xml:47:17-88
94-->[androidx.profileinstaller:profileinstaller:1.3.1] AndroidManifest.xml:47:25-85
95            </intent-filter>
96            <intent-filter>
96-->[androidx.profileinstaller:profileinstaller:1.3.1] AndroidManifest.xml:49:13-51:29
97                <action android:name="androidx.profileinstaller.action.BENCHMARK_OPERATION" />
97-->[androidx.profileinstaller:profileinstaller:1.3.1] AndroidManifest.xml:50:17-95
97-->[androidx.profileinstaller:profileinstaller:1.3.1] AndroidManifest.xml:50:25-92
98            </intent-filter>
99        </receiver>
100    </application>
101
102</manifest>